00:00:00.211686 VirtualBox GUI VM Selector Window 6.1.30 r148432 linux.amd64 (Dec 10 2021 19:46:42) release log
00:00:00.211687 Log opened 2022-01-06T19:13:57.672770000Z
00:00:00.211688 Build Type: release
00:00:00.211689 OS Product: Linux
00:00:00.211689 OS Release: 5.15.12-zen1-1-zen
00:00:00.211690 OS Version: #1 ZEN SMP PREEMPT Wed, 29 Dec 2021 12:04:52 +0000
00:00:00.211703 DMI Product Name: System Product Name
00:00:00.211706 DMI Product Version: System Version
00:00:00.211709 Firmware type: UEFI
00:00:00.211760 Secure Boot: Disabled
00:00:00.211780 Host RAM: 32072MB (31.3GB) total, 26595MB (25.9GB) available
00:00:00.211782 Executable: /usr/lib/virtualbox/VirtualBox
00:00:00.211782 Process ID: 304136
00:00:00.211782 Package type: LINUX_64BITS_GENERIC (OSE)
00:00:00.211802 Qt version: 5.15.2
00:00:00.230855 GUI: UIMediumEnumerator: Medium-enumeration started...
00:00:00.491258 GUI: UIDesktopWidgetWatchdog::sltHandleHostScreenAvailableGeometryCalculated: Screen 1 work area is actually resized to: 1936x40 x 932x1020
00:00:00.491296 GUI: UIDesktopWidgetWatchdog::sltHandleHostScreenAvailableGeometryCalculated: Screen 0 work area is actually resized to: 2888x40 x 932x1020
00:00:00.496690 GUI: UIMediumEnumerator: Medium-enumeration finished!
00:00:49.325395 GUI: UIMediumEnumerator: Medium with key={{84c83e9b-e24d-4fb1-891f-0b0426867f44}} created
00:00:49.398675 GUI: UIMediumEnumerator: Medium-enumeration finished!
00:01:17.839576 GUI: UIMediumEnumerator: Medium-enumeration finished!
00:01:21.652753 GUI: UIMediumEnumerator: Medium-enumeration finished!
00:01:21.669954 GUI: UIMediumEnumerator: Medium-enumeration finished!
00:03:54.991783 GUI: UIMediumEnumerator: Medium-enumeration finished!
00:07:56.331466 GUI: UIMediumEnumerator: Medium-enumeration finished!
00:18:16.465561 GUI: UIMediumEnumerator: Medium-enumeration finished!
00:18:17.145156 GUI: UIMediumEnumerator: Medium-enumeration finished!
00:18:17.158546 GUI: UIMediumEnumerator: Medium-enumeration finished!
